Added Component: Designator=D1(NeoPixel)
Add component. Clean all parameters for all variants
Added Component: Designator=D2(NeoPixel)
Add component. Clean all parameters for all variants
Added Component: Designator=D3(NeoPixel)
Add component. Clean all parameters for all variants
Added Component: Designator=D4(NeoPixel)
Add component. Clean all parameters for all variants
Added Component: Designator=D5(NeoPixel)
Add component. Clean all parameters for all variants
Added Component: Designator=D6(NeoPixel)
Add component. Clean all parameters for all variants
Added Component: Designator=D7(NeoPixel)
Add component. Clean all parameters for all variants
Added Component: Designator=D8(NeoPixel)
Add component. Clean all parameters for all variants
Added Pin To Net: NetName=GND Pin=D1-1
Added Pin To Net: NetName=NetD1_2 Pin=D1-2
Added Pin To Net: NetName=NetC1_1 Pin=D1-3
Added Pin To Net: NetName=NetD1_4 Pin=D1-4
Added Pin To Net: NetName=GND Pin=D2-1
Added Pin To Net: NetName=NetD1_4 Pin=D2-2
Added Pin To Net: NetName=NetC1_1 Pin=D2-3
Added Pin To Net: NetName=NetD2_4 Pin=D2-4
Added Pin To Net: NetName=GND Pin=D3-1
Added Pin To Net: NetName=NetD2_4 Pin=D3-2
Added Pin To Net: NetName=NetC1_1 Pin=D3-3
Added Pin To Net: NetName=NetD3_4 Pin=D3-4
Added Pin To Net: NetName=GND Pin=D4-1
Added Pin To Net: NetName=NetD3_4 Pin=D4-2
Added Pin To Net: NetName=NetC1_1 Pin=D4-3
Added Pin To Net: NetName=NetD4_4 Pin=D4-4
Added Pin To Net: NetName=GND Pin=D5-1
Added Pin To Net: NetName=NetD4_4 Pin=D5-2
Added Pin To Net: NetName=NetC1_1 Pin=D5-3
Added Pin To Net: NetName=NetD5_4 Pin=D5-4
Added Pin To Net: NetName=GND Pin=D6-1
Added Pin To Net: NetName=NetD5_4 Pin=D6-2
Added Pin To Net: NetName=NetC1_1 Pin=D6-3
Added Pin To Net: NetName=NetD6_4 Pin=D6-4
Added Pin To Net: NetName=GND Pin=D7-1
Added Pin To Net: NetName=NetD6_4 Pin=D7-2
Added Pin To Net: NetName=NetC1_1 Pin=D7-3
Added Pin To Net: NetName=NetD7_4 Pin=D7-4
Added Pin To Net: NetName=GND Pin=D8-1
Added Pin To Net: NetName=NetD7_4 Pin=D8-2
Added Pin To Net: NetName=NetC1_1 Pin=D8-3
Change Class Name : Old Net Name=ICEBoard New Net Name=ICEBoard_rev1.0
Added Member To Class: ClassName=ICEBoard_rev1.0 Member=Component D1 NeoPixel
Added Member To Class: ClassName=ICEBoard_rev1.0 Member=Component D2 NeoPixel
Added Member To Class: ClassName=ICEBoard_rev1.0 Member=Component D3 NeoPixel
Added Member To Class: ClassName=ICEBoard_rev1.0 Member=Component D4 NeoPixel
Added Member To Class: ClassName=ICEBoard_rev1.0 Member=Component D5 NeoPixel
Added Member To Class: ClassName=ICEBoard_rev1.0 Member=Component D6 NeoPixel
Added Member To Class: ClassName=ICEBoard_rev1.0 Member=Component D7 NeoPixel
Added Member To Class: ClassName=ICEBoard_rev1.0 Member=Component D8 NeoPixel
