Change Component Designator: OldDesignator=B1 NewDesignator=Buzzer
Change Component Designator: OldDesignator=D1 NewDesignator=LED4
Change Component Designator: OldDesignator=D2 NewDesignator=LED3
Change Component Designator: OldDesignator=D3 NewDesignator=LED2
Change Component Designator: OldDesignator=D4 NewDesignator=LED1
Change Component Designator: OldDesignator=D5 NewDesignator=LED5
Change Component Designator: OldDesignator=D6 NewDesignator=LED6
Change Component Designator: OldDesignator=D7 NewDesignator=LED7
Change Component Designator: OldDesignator=D8 NewDesignator=LED8
Change Component Designator: OldDesignator=S5 NewDesignator=BLeft
Change Component Designator: OldDesignator=S6 NewDesignator=BUp
Change Component Designator: OldDesignator=S7 NewDesignator=BCenter
Change Component Designator: OldDesignator=S8 NewDesignator=BDown
Change Component Designator: OldDesignator=S9 NewDesignator=BRight
Change Net Name : Old Net Name=NetB1_1 New Net Name=NetBuzzer_1
Change Net Name : Old Net Name=NetC1_1 New Net Name=NetBCenter_4
Change Net Name : Old Net Name=NetD1_2 New Net Name=NetLED4_2
Change Net Name : Old Net Name=NetD1_4 New Net Name=NetLED3_2
Change Net Name : Old Net Name=NetD2_4 New Net Name=NetLED2_2
Change Net Name : Old Net Name=NetD3_4 New Net Name=NetLED1_2
Change Net Name : Old Net Name=NetD4_4 New Net Name=NetLED1_4
Change Net Name : Old Net Name=NetD5_4 New Net Name=NetLED5_4
Change Net Name : Old Net Name=NetD6_4 New Net Name=NetLED6_4
Change Net Name : Old Net Name=NetD7_4 New Net Name=NetLED7_4
Change Net Name : Old Net Name=NetR6_2 New Net Name=NetBLeft_2
Change Net Name : Old Net Name=NetR7_2 New Net Name=NetBUp_2
Change Net Name : Old Net Name=NetR8_2 New Net Name=NetBCenter_2
Change Net Name : Old Net Name=NetR9_2 New Net Name=NetBDown_2
Change Net Name : Old Net Name=NetR10_2 New Net Name=NetBRight_2
